<?xml version="1.0" encoding="UTF-8"?>
<!-- Generated by org.testng.reporters.JUnitReportReporter -->
<testsuite skipped="0" hostname="DESKTOP-UB5830S" name="test.Day4" tests="3" failures="0" timestamp="2020-07-02T17:17:04 IST" time="0.003" errors="0">
  <testcase name="APIHomeLoan" time="0.002" classname="test.Day4"/>
  <system-out/>
  <testcase name="MobileHomeLoan" time="0.001" classname="test.Day4"/>
  <system-out/>
  <testcase name="WebHomeLoan" time="0.000" classname="test.Day4"/>
  <system-out/>
</testsuite> <!-- test.Day4 -->
