<?xml version="1.0" encoding="UTF-8"?>
<!-- Generated by org.testng.reporters.JUnitReportReporter -->
<testsuite skipped="0" hostname="DESKTOP-UB5830S" name="test.Day2" tests="2" failures="0" timestamp="2020-07-02T17:17:04 IST" time="0.004" errors="0">
  <testcase name="webTest" time="0.004" classname="test.Day2"/>
  <system-out/>
  <testcase name="abcTest" time="0.000" classname="test.Day2"/>
  <system-out/>
</testsuite> <!-- test.Day2 -->
